ERROR - 2025-09-17 10:34:37 --> Error connecting to the database: mysqli_sql_exception: Access denied for user ''@'localhost' (using password: NO) in C:\xampp new\htdocs\active\system\Database\MySQLi\Connection.php:201
Stack trace:
#0 C:\xampp new\htdocs\active\system\Database\MySQLi\Connection.php(201): mysqli->real_connect('localhost', '', Object(SensitiveParameterValue), '', 3306, '', 0)
#1 C:\xampp new\htdocs\active\system\Database\BaseConnection.php(419): CodeIgniter\Database\MySQLi\Connection->connect(false)
#2 C:\xampp new\htdocs\active\system\Database\BaseConnection.php(614): CodeIgniter\Database\BaseConnection->initialize()
#3 C:\xampp new\htdocs\active\system\Database\BaseBuilder.php(2345): CodeIgniter\Database\BaseConnection->query('INSERT INTO `us...', Array, false)
#4 C:\xampp new\htdocs\active\system\Model.php(394): CodeIgniter\Database\BaseBuilder->insert()
#5 C:\xampp new\htdocs\active\system\BaseModel.php(838): CodeIgniter\Model->doInsert(Array)
#6 C:\xampp new\htdocs\active\system\Model.php(797): CodeIgniter\BaseModel->insert(Array, true)
#7 C:\xampp new\htdocs\active\app\Controllers\AuthController.php(31): CodeIgniter\Model->insert(Array)
#8 C:\xampp new\htdocs\active\system\CodeIgniter.php(933): App\Controllers\AuthController->store()
#9 C:\xampp new\htdocs\active\system\CodeIgniter.php(507): CodeIgniter\CodeIgniter->runController(Object(App\Controllers\AuthController))
#10 C:\xampp new\htdocs\active\system\CodeIgniter.php(354): CodeIgniter\CodeIgniter->handleRequest(NULL, Object(Config\Cache), false)
#11 C:\xampp new\htdocs\active\system\Boot.php(363): CodeIgniter\CodeIgniter->run()
#12 C:\xampp new\htdocs\active\system\Boot.php(68): CodeIgniter\Boot::runCodeIgniter(Object(CodeIgniter\CodeIgniter))
#13 C:\xampp new\htdocs\active\public\index.php(59): CodeIgniter\Boot::bootWeb(Object(Config\Paths))
#14 C:\xampp new\htdocs\active\system\rewrite.php(44): require_once('C:\\xampp new\\ht...')
#15 {main}

Next CodeIgniter\Database\Exceptions\DatabaseException: Access denied for user ''@'localhost' (using password: NO) in C:\xampp new\htdocs\active\system\Database\MySQLi\Connection.php:246
Stack trace:
#0 C:\xampp new\htdocs\active\system\Database\BaseConnection.php(419): CodeIgniter\Database\MySQLi\Connection->connect(false)
#1 C:\xampp new\htdocs\active\system\Database\BaseConnection.php(614): CodeIgniter\Database\BaseConnection->initialize()
#2 C:\xampp new\htdocs\active\system\Database\BaseBuilder.php(2345): CodeIgniter\Database\BaseConnection->query('INSERT INTO `us...', Array, false)
#3 C:\xampp new\htdocs\active\system\Model.php(394): CodeIgniter\Database\BaseBuilder->insert()
#4 C:\xampp new\htdocs\active\system\BaseModel.php(838): CodeIgniter\Model->doInsert(Array)
#5 C:\xampp new\htdocs\active\system\Model.php(797): CodeIgniter\BaseModel->insert(Array, true)
#6 C:\xampp new\htdocs\active\app\Controllers\AuthController.php(31): CodeIgniter\Model->insert(Array)
#7 C:\xampp new\htdocs\active\system\CodeIgniter.php(933): App\Controllers\AuthController->store()
#8 C:\xampp new\htdocs\active\system\CodeIgniter.php(507): CodeIgniter\CodeIgniter->runController(Object(App\Controllers\AuthController))
#9 C:\xampp new\htdocs\active\system\CodeIgniter.php(354): CodeIgniter\CodeIgniter->handleRequest(NULL, Object(Config\Cache), false)
#10 C:\xampp new\htdocs\active\system\Boot.php(363): CodeIgniter\CodeIgniter->run()
#11 C:\xampp new\htdocs\active\system\Boot.php(68): CodeIgniter\Boot::runCodeIgniter(Object(CodeIgniter\CodeIgniter))
#12 C:\xampp new\htdocs\active\public\index.php(59): CodeIgniter\Boot::bootWeb(Object(Config\Paths))
#13 C:\xampp new\htdocs\active\system\rewrite.php(44): require_once('C:\\xampp new\\ht...')
#14 {main}
CRITICAL - 2025-09-17 10:34:37 --> CodeIgniter\Database\Exceptions\DatabaseException: Unable to connect to the database.
Main connection [MySQLi]: Access denied for user ''@'localhost' (using password: NO)
[Method: POST, Route: register]
in SYSTEMPATH\Database\BaseConnection.php on line 465.
 1 SYSTEMPATH\Database\BaseConnection.php(614): CodeIgniter\Database\BaseConnection->initialize()
 2 SYSTEMPATH\Database\BaseBuilder.php(2345): CodeIgniter\Database\BaseConnection->query('INSERT INTO `users` (`from_email`, `to_email`, `subject`, `password`, `active_status`, `token`) VALUES (:from_email:, :to_email:, :subject:, :password:, :active_status:, :token:)', [...], false)
 3 SYSTEMPATH\Model.php(394): CodeIgniter\Database\BaseBuilder->insert()
 4 SYSTEMPATH\BaseModel.php(838): CodeIgniter\Model->doInsert([...])
 5 SYSTEMPATH\Model.php(797): CodeIgniter\BaseModel->insert([...], true)
 6 APPPATH\Controllers\AuthController.php(31): CodeIgniter\Model->insert([...])
 7 SYSTEMPATH\CodeIgniter.php(933): App\Controllers\AuthController->store()
 8 SYSTEMPATH\CodeIgniter.php(507): CodeIgniter\CodeIgniter->runController(Object(App\Controllers\AuthController))
 9 SYSTEMPATH\CodeIgniter.php(354): CodeIgniter\CodeIgniter->handleRequest(null, Object(Config\Cache), false)
10 SYSTEMPATH\Boot.php(363): CodeIgniter\CodeIgniter->run()
11 SYSTEMPATH\Boot.php(68): CodeIgniter\Boot::runCodeIgniter(Object(CodeIgniter\CodeIgniter))
12 FCPATH\index.php(59): CodeIgniter\Boot::bootWeb(Object(Config\Paths))
13 SYSTEMPATH\rewrite.php(44): require_once('C:\\xampp new\\htdocs\\active\\public\\index.php')
ERROR - 2025-09-17 10:36:17 --> Error connecting to the database: mysqli_sql_exception: Access denied for user ''@'localhost' (using password: NO) in C:\xampp new\htdocs\active\system\Database\MySQLi\Connection.php:201
Stack trace:
#0 C:\xampp new\htdocs\active\system\Database\MySQLi\Connection.php(201): mysqli->real_connect('localhost', '', Object(SensitiveParameterValue), '', 3306, '', 0)
#1 C:\xampp new\htdocs\active\system\Database\BaseConnection.php(419): CodeIgniter\Database\MySQLi\Connection->connect(false)
#2 C:\xampp new\htdocs\active\system\Database\BaseConnection.php(614): CodeIgniter\Database\BaseConnection->initialize()
#3 C:\xampp new\htdocs\active\system\Database\BaseBuilder.php(2345): CodeIgniter\Database\BaseConnection->query('INSERT INTO `us...', Array, false)
#4 C:\xampp new\htdocs\active\system\Model.php(394): CodeIgniter\Database\BaseBuilder->insert()
#5 C:\xampp new\htdocs\active\system\BaseModel.php(838): CodeIgniter\Model->doInsert(Array)
#6 C:\xampp new\htdocs\active\system\Model.php(797): CodeIgniter\BaseModel->insert(Array, true)
#7 C:\xampp new\htdocs\active\app\Controllers\AuthController.php(31): CodeIgniter\Model->insert(Array)
#8 C:\xampp new\htdocs\active\system\CodeIgniter.php(933): App\Controllers\AuthController->store()
#9 C:\xampp new\htdocs\active\system\CodeIgniter.php(507): CodeIgniter\CodeIgniter->runController(Object(App\Controllers\AuthController))
#10 C:\xampp new\htdocs\active\system\CodeIgniter.php(354): CodeIgniter\CodeIgniter->handleRequest(NULL, Object(Config\Cache), false)
#11 C:\xampp new\htdocs\active\system\Boot.php(363): CodeIgniter\CodeIgniter->run()
#12 C:\xampp new\htdocs\active\system\Boot.php(68): CodeIgniter\Boot::runCodeIgniter(Object(CodeIgniter\CodeIgniter))
#13 C:\xampp new\htdocs\active\public\index.php(59): CodeIgniter\Boot::bootWeb(Object(Config\Paths))
#14 C:\xampp new\htdocs\active\system\rewrite.php(44): require_once('C:\\xampp new\\ht...')
#15 {main}

Next CodeIgniter\Database\Exceptions\DatabaseException: Access denied for user ''@'localhost' (using password: NO) in C:\xampp new\htdocs\active\system\Database\MySQLi\Connection.php:246
Stack trace:
#0 C:\xampp new\htdocs\active\system\Database\BaseConnection.php(419): CodeIgniter\Database\MySQLi\Connection->connect(false)
#1 C:\xampp new\htdocs\active\system\Database\BaseConnection.php(614): CodeIgniter\Database\BaseConnection->initialize()
#2 C:\xampp new\htdocs\active\system\Database\BaseBuilder.php(2345): CodeIgniter\Database\BaseConnection->query('INSERT INTO `us...', Array, false)
#3 C:\xampp new\htdocs\active\system\Model.php(394): CodeIgniter\Database\BaseBuilder->insert()
#4 C:\xampp new\htdocs\active\system\BaseModel.php(838): CodeIgniter\Model->doInsert(Array)
#5 C:\xampp new\htdocs\active\system\Model.php(797): CodeIgniter\BaseModel->insert(Array, true)
#6 C:\xampp new\htdocs\active\app\Controllers\AuthController.php(31): CodeIgniter\Model->insert(Array)
#7 C:\xampp new\htdocs\active\system\CodeIgniter.php(933): App\Controllers\AuthController->store()
#8 C:\xampp new\htdocs\active\system\CodeIgniter.php(507): CodeIgniter\CodeIgniter->runController(Object(App\Controllers\AuthController))
#9 C:\xampp new\htdocs\active\system\CodeIgniter.php(354): CodeIgniter\CodeIgniter->handleRequest(NULL, Object(Config\Cache), false)
#10 C:\xampp new\htdocs\active\system\Boot.php(363): CodeIgniter\CodeIgniter->run()
#11 C:\xampp new\htdocs\active\system\Boot.php(68): CodeIgniter\Boot::runCodeIgniter(Object(CodeIgniter\CodeIgniter))
#12 C:\xampp new\htdocs\active\public\index.php(59): CodeIgniter\Boot::bootWeb(Object(Config\Paths))
#13 C:\xampp new\htdocs\active\system\rewrite.php(44): require_once('C:\\xampp new\\ht...')
#14 {main}
CRITICAL - 2025-09-17 10:36:17 --> CodeIgniter\Database\Exceptions\DatabaseException: Unable to connect to the database.
Main connection [MySQLi]: Access denied for user ''@'localhost' (using password: NO)
[Method: POST, Route: register]
in SYSTEMPATH\Database\BaseConnection.php on line 465.
 1 SYSTEMPATH\Database\BaseConnection.php(614): CodeIgniter\Database\BaseConnection->initialize()
 2 SYSTEMPATH\Database\BaseBuilder.php(2345): CodeIgniter\Database\BaseConnection->query('INSERT INTO `users` (`from_email`, `to_email`, `subject`, `password`, `active_status`, `token`) VALUES (:from_email:, :to_email:, :subject:, :password:, :active_status:, :token:)', [...], false)
 3 SYSTEMPATH\Model.php(394): CodeIgniter\Database\BaseBuilder->insert()
 4 SYSTEMPATH\BaseModel.php(838): CodeIgniter\Model->doInsert([...])
 5 SYSTEMPATH\Model.php(797): CodeIgniter\BaseModel->insert([...], true)
 6 APPPATH\Controllers\AuthController.php(31): CodeIgniter\Model->insert([...])
 7 SYSTEMPATH\CodeIgniter.php(933): App\Controllers\AuthController->store()
 8 SYSTEMPATH\CodeIgniter.php(507): CodeIgniter\CodeIgniter->runController(Object(App\Controllers\AuthController))
 9 SYSTEMPATH\CodeIgniter.php(354): CodeIgniter\CodeIgniter->handleRequest(null, Object(Config\Cache), false)
10 SYSTEMPATH\Boot.php(363): CodeIgniter\CodeIgniter->run()
11 SYSTEMPATH\Boot.php(68): CodeIgniter\Boot::runCodeIgniter(Object(CodeIgniter\CodeIgniter))
12 FCPATH\index.php(59): CodeIgniter\Boot::bootWeb(Object(Config\Paths))
13 SYSTEMPATH\rewrite.php(44): require_once('C:\\xampp new\\htdocs\\active\\public\\index.php')
ERROR - 2025-09-17 10:41:46 --> Error connecting to the database: mysqli_sql_exception: Access denied for user ''@'localhost' (using password: NO) in C:\xampp new\htdocs\active\system\Database\MySQLi\Connection.php:201
Stack trace:
#0 C:\xampp new\htdocs\active\system\Database\MySQLi\Connection.php(201): mysqli->real_connect('localhost', '', Object(SensitiveParameterValue), '', 3306, '', 0)
#1 C:\xampp new\htdocs\active\system\Database\BaseConnection.php(419): CodeIgniter\Database\MySQLi\Connection->connect(false)
#2 C:\xampp new\htdocs\active\system\Database\BaseConnection.php(614): CodeIgniter\Database\BaseConnection->initialize()
#3 C:\xampp new\htdocs\active\system\Database\BaseBuilder.php(1649): CodeIgniter\Database\BaseConnection->query('SELECT *\nFROM `...', Array, false)
#4 C:\xampp new\htdocs\active\system\Model.php(330): CodeIgniter\Database\BaseBuilder->get()
#5 C:\xampp new\htdocs\active\system\BaseModel.php(715): CodeIgniter\Model->doFirst()
#6 C:\xampp new\htdocs\active\app\Controllers\AuthController.php(53): CodeIgniter\BaseModel->first()
#7 C:\xampp new\htdocs\active\system\CodeIgniter.php(933): App\Controllers\AuthController->verify('04aca6a51e98d3a...')
#8 C:\xampp new\htdocs\active\system\CodeIgniter.php(507): CodeIgniter\CodeIgniter->runController(Object(App\Controllers\AuthController))
#9 C:\xampp new\htdocs\active\system\CodeIgniter.php(354): CodeIgniter\CodeIgniter->handleRequest(NULL, Object(Config\Cache), false)
#10 C:\xampp new\htdocs\active\system\Boot.php(363): CodeIgniter\CodeIgniter->run()
#11 C:\xampp new\htdocs\active\system\Boot.php(68): CodeIgniter\Boot::runCodeIgniter(Object(CodeIgniter\CodeIgniter))
#12 C:\xampp new\htdocs\active\public\index.php(59): CodeIgniter\Boot::bootWeb(Object(Config\Paths))
#13 C:\xampp new\htdocs\active\system\rewrite.php(44): require_once('C:\\xampp new\\ht...')
#14 {main}

Next CodeIgniter\Database\Exceptions\DatabaseException: Access denied for user ''@'localhost' (using password: NO) in C:\xampp new\htdocs\active\system\Database\MySQLi\Connection.php:246
Stack trace:
#0 C:\xampp new\htdocs\active\system\Database\BaseConnection.php(419): CodeIgniter\Database\MySQLi\Connection->connect(false)
#1 C:\xampp new\htdocs\active\system\Database\BaseConnection.php(614): CodeIgniter\Database\BaseConnection->initialize()
#2 C:\xampp new\htdocs\active\system\Database\BaseBuilder.php(1649): CodeIgniter\Database\BaseConnection->query('SELECT *\nFROM `...', Array, false)
#3 C:\xampp new\htdocs\active\system\Model.php(330): CodeIgniter\Database\BaseBuilder->get()
#4 C:\xampp new\htdocs\active\system\BaseModel.php(715): CodeIgniter\Model->doFirst()
#5 C:\xampp new\htdocs\active\app\Controllers\AuthController.php(53): CodeIgniter\BaseModel->first()
#6 C:\xampp new\htdocs\active\system\CodeIgniter.php(933): App\Controllers\AuthController->verify('04aca6a51e98d3a...')
#7 C:\xampp new\htdocs\active\system\CodeIgniter.php(507): CodeIgniter\CodeIgniter->runController(Object(App\Controllers\AuthController))
#8 C:\xampp new\htdocs\active\system\CodeIgniter.php(354): CodeIgniter\CodeIgniter->handleRequest(NULL, Object(Config\Cache), false)
#9 C:\xampp new\htdocs\active\system\Boot.php(363): CodeIgniter\CodeIgniter->run()
#10 C:\xampp new\htdocs\active\system\Boot.php(68): CodeIgniter\Boot::runCodeIgniter(Object(CodeIgniter\CodeIgniter))
#11 C:\xampp new\htdocs\active\public\index.php(59): CodeIgniter\Boot::bootWeb(Object(Config\Paths))
#12 C:\xampp new\htdocs\active\system\rewrite.php(44): require_once('C:\\xampp new\\ht...')
#13 {main}
CRITICAL - 2025-09-17 10:41:46 --> CodeIgniter\Database\Exceptions\DatabaseException: Unable to connect to the database.
Main connection [MySQLi]: Access denied for user ''@'localhost' (using password: NO)
[Method: GET, Route: verify/04aca6a51e98d3a048bcf863c64e2db7]
in SYSTEMPATH\Database\BaseConnection.php on line 465.
 1 SYSTEMPATH\Database\BaseConnection.php(614): CodeIgniter\Database\BaseConnection->initialize()
 2 SYSTEMPATH\Database\BaseBuilder.php(1649): CodeIgniter\Database\BaseConnection->query('SELECT *
FROM `users`
WHERE `token` = :token:
 LIMIT 1', [...], false)
 3 SYSTEMPATH\Model.php(330): CodeIgniter\Database\BaseBuilder->get()
 4 SYSTEMPATH\BaseModel.php(715): CodeIgniter\Model->doFirst()
 5 APPPATH\Controllers\AuthController.php(53): CodeIgniter\BaseModel->first()
 6 SYSTEMPATH\CodeIgniter.php(933): App\Controllers\AuthController->verify('04aca6a51e98d3a048bcf863c64e2db7')
 7 SYSTEMPATH\CodeIgniter.php(507): CodeIgniter\CodeIgniter->runController(Object(App\Controllers\AuthController))
 8 SYSTEMPATH\CodeIgniter.php(354): CodeIgniter\CodeIgniter->handleRequest(null, Object(Config\Cache), false)
 9 SYSTEMPATH\Boot.php(363): CodeIgniter\CodeIgniter->run()
10 SYSTEMPATH\Boot.php(68): CodeIgniter\Boot::runCodeIgniter(Object(CodeIgniter\CodeIgniter))
11 FCPATH\index.php(59): CodeIgniter\Boot::bootWeb(Object(Config\Paths))
12 SYSTEMPATH\rewrite.php(44): require_once('C:\\xampp new\\htdocs\\active\\public\\index.php')
ERROR - 2025-09-17 10:47:38 --> Error connecting to the database: mysqli_sql_exception: Access denied for user ''@'localhost' (using password: NO) in C:\xampp new\htdocs\active\system\Database\MySQLi\Connection.php:201
Stack trace:
#0 C:\xampp new\htdocs\active\system\Database\MySQLi\Connection.php(201): mysqli->real_connect('localhost', '', Object(SensitiveParameterValue), '', 3306, '', 0)
#1 C:\xampp new\htdocs\active\system\Database\BaseConnection.php(419): CodeIgniter\Database\MySQLi\Connection->connect(false)
#2 C:\xampp new\htdocs\active\system\Database\BaseConnection.php(614): CodeIgniter\Database\BaseConnection->initialize()
#3 C:\xampp new\htdocs\active\system\Database\BaseBuilder.php(2345): CodeIgniter\Database\BaseConnection->query('INSERT INTO `us...', Array, false)
#4 C:\xampp new\htdocs\active\system\Model.php(394): CodeIgniter\Database\BaseBuilder->insert()
#5 C:\xampp new\htdocs\active\system\BaseModel.php(838): CodeIgniter\Model->doInsert(Array)
#6 C:\xampp new\htdocs\active\system\Model.php(797): CodeIgniter\BaseModel->insert(Array, true)
#7 C:\xampp new\htdocs\active\app\Controllers\AuthController.php(32): CodeIgniter\Model->insert(Array)
#8 C:\xampp new\htdocs\active\system\CodeIgniter.php(933): App\Controllers\AuthController->store()
#9 C:\xampp new\htdocs\active\system\CodeIgniter.php(507): CodeIgniter\CodeIgniter->runController(Object(App\Controllers\AuthController))
#10 C:\xampp new\htdocs\active\system\CodeIgniter.php(354): CodeIgniter\CodeIgniter->handleRequest(NULL, Object(Config\Cache), false)
#11 C:\xampp new\htdocs\active\system\Boot.php(363): CodeIgniter\CodeIgniter->run()
#12 C:\xampp new\htdocs\active\system\Boot.php(68): CodeIgniter\Boot::runCodeIgniter(Object(CodeIgniter\CodeIgniter))
#13 C:\xampp new\htdocs\active\public\index.php(59): CodeIgniter\Boot::bootWeb(Object(Config\Paths))
#14 C:\xampp new\htdocs\active\system\rewrite.php(44): require_once('C:\\xampp new\\ht...')
#15 {main}

Next CodeIgniter\Database\Exceptions\DatabaseException: Access denied for user ''@'localhost' (using password: NO) in C:\xampp new\htdocs\active\system\Database\MySQLi\Connection.php:246
Stack trace:
#0 C:\xampp new\htdocs\active\system\Database\BaseConnection.php(419): CodeIgniter\Database\MySQLi\Connection->connect(false)
#1 C:\xampp new\htdocs\active\system\Database\BaseConnection.php(614): CodeIgniter\Database\BaseConnection->initialize()
#2 C:\xampp new\htdocs\active\system\Database\BaseBuilder.php(2345): CodeIgniter\Database\BaseConnection->query('INSERT INTO `us...', Array, false)
#3 C:\xampp new\htdocs\active\system\Model.php(394): CodeIgniter\Database\BaseBuilder->insert()
#4 C:\xampp new\htdocs\active\system\BaseModel.php(838): CodeIgniter\Model->doInsert(Array)
#5 C:\xampp new\htdocs\active\system\Model.php(797): CodeIgniter\BaseModel->insert(Array, true)
#6 C:\xampp new\htdocs\active\app\Controllers\AuthController.php(32): CodeIgniter\Model->insert(Array)
#7 C:\xampp new\htdocs\active\system\CodeIgniter.php(933): App\Controllers\AuthController->store()
#8 C:\xampp new\htdocs\active\system\CodeIgniter.php(507): CodeIgniter\CodeIgniter->runController(Object(App\Controllers\AuthController))
#9 C:\xampp new\htdocs\active\system\CodeIgniter.php(354): CodeIgniter\CodeIgniter->handleRequest(NULL, Object(Config\Cache), false)
#10 C:\xampp new\htdocs\active\system\Boot.php(363): CodeIgniter\CodeIgniter->run()
#11 C:\xampp new\htdocs\active\system\Boot.php(68): CodeIgniter\Boot::runCodeIgniter(Object(CodeIgniter\CodeIgniter))
#12 C:\xampp new\htdocs\active\public\index.php(59): CodeIgniter\Boot::bootWeb(Object(Config\Paths))
#13 C:\xampp new\htdocs\active\system\rewrite.php(44): require_once('C:\\xampp new\\ht...')
#14 {main}
CRITICAL - 2025-09-17 10:47:38 --> CodeIgniter\Database\Exceptions\DatabaseException: Unable to connect to the database.
Main connection [MySQLi]: Access denied for user ''@'localhost' (using password: NO)
[Method: POST, Route: register]
in SYSTEMPATH\Database\BaseConnection.php on line 465.
 1 SYSTEMPATH\Database\BaseConnection.php(614): CodeIgniter\Database\BaseConnection->initialize()
 2 SYSTEMPATH\Database\BaseBuilder.php(2345): CodeIgniter\Database\BaseConnection->query('INSERT INTO `users` (`from_email`, `to_email`, `subject`, `password`, `active_status`, `token`) VALUES (:from_email:, :to_email:, :subject:, :password:, :active_status:, :token:)', [...], false)
 3 SYSTEMPATH\Model.php(394): CodeIgniter\Database\BaseBuilder->insert()
 4 SYSTEMPATH\BaseModel.php(838): CodeIgniter\Model->doInsert([...])
 5 SYSTEMPATH\Model.php(797): CodeIgniter\BaseModel->insert([...], true)
 6 APPPATH\Controllers\AuthController.php(32): CodeIgniter\Model->insert([...])
 7 SYSTEMPATH\CodeIgniter.php(933): App\Controllers\AuthController->store()
 8 SYSTEMPATH\CodeIgniter.php(507): CodeIgniter\CodeIgniter->runController(Object(App\Controllers\AuthController))
 9 SYSTEMPATH\CodeIgniter.php(354): CodeIgniter\CodeIgniter->handleRequest(null, Object(Config\Cache), false)
10 SYSTEMPATH\Boot.php(363): CodeIgniter\CodeIgniter->run()
11 SYSTEMPATH\Boot.php(68): CodeIgniter\Boot::runCodeIgniter(Object(CodeIgniter\CodeIgniter))
12 FCPATH\index.php(59): CodeIgniter\Boot::bootWeb(Object(Config\Paths))
13 SYSTEMPATH\rewrite.php(44): require_once('C:\\xampp new\\htdocs\\active\\public\\index.php')
ERROR - 2025-09-17 10:48:06 --> Error connecting to the database: mysqli_sql_exception: Access denied for user ''@'localhost' (using password: NO) in C:\xampp new\htdocs\active\system\Database\MySQLi\Connection.php:201
Stack trace:
#0 C:\xampp new\htdocs\active\system\Database\MySQLi\Connection.php(201): mysqli->real_connect('localhost', '', Object(SensitiveParameterValue), '', 3306, '', 0)
#1 C:\xampp new\htdocs\active\system\Database\BaseConnection.php(419): CodeIgniter\Database\MySQLi\Connection->connect(false)
#2 C:\xampp new\htdocs\active\system\Database\BaseConnection.php(614): CodeIgniter\Database\BaseConnection->initialize()
#3 C:\xampp new\htdocs\active\system\Database\BaseBuilder.php(2345): CodeIgniter\Database\BaseConnection->query('INSERT INTO `us...', Array, false)
#4 C:\xampp new\htdocs\active\system\Model.php(394): CodeIgniter\Database\BaseBuilder->insert()
#5 C:\xampp new\htdocs\active\system\BaseModel.php(838): CodeIgniter\Model->doInsert(Array)
#6 C:\xampp new\htdocs\active\system\Model.php(797): CodeIgniter\BaseModel->insert(Array, true)
#7 C:\xampp new\htdocs\active\app\Controllers\AuthController.php(32): CodeIgniter\Model->insert(Array)
#8 C:\xampp new\htdocs\active\system\CodeIgniter.php(933): App\Controllers\AuthController->store()
#9 C:\xampp new\htdocs\active\system\CodeIgniter.php(507): CodeIgniter\CodeIgniter->runController(Object(App\Controllers\AuthController))
#10 C:\xampp new\htdocs\active\system\CodeIgniter.php(354): CodeIgniter\CodeIgniter->handleRequest(NULL, Object(Config\Cache), false)
#11 C:\xampp new\htdocs\active\system\Boot.php(363): CodeIgniter\CodeIgniter->run()
#12 C:\xampp new\htdocs\active\system\Boot.php(68): CodeIgniter\Boot::runCodeIgniter(Object(CodeIgniter\CodeIgniter))
#13 C:\xampp new\htdocs\active\public\index.php(59): CodeIgniter\Boot::bootWeb(Object(Config\Paths))
#14 C:\xampp new\htdocs\active\system\rewrite.php(44): require_once('C:\\xampp new\\ht...')
#15 {main}

Next CodeIgniter\Database\Exceptions\DatabaseException: Access denied for user ''@'localhost' (using password: NO) in C:\xampp new\htdocs\active\system\Database\MySQLi\Connection.php:246
Stack trace:
#0 C:\xampp new\htdocs\active\system\Database\BaseConnection.php(419): CodeIgniter\Database\MySQLi\Connection->connect(false)
#1 C:\xampp new\htdocs\active\system\Database\BaseConnection.php(614): CodeIgniter\Database\BaseConnection->initialize()
#2 C:\xampp new\htdocs\active\system\Database\BaseBuilder.php(2345): CodeIgniter\Database\BaseConnection->query('INSERT INTO `us...', Array, false)
#3 C:\xampp new\htdocs\active\system\Model.php(394): CodeIgniter\Database\BaseBuilder->insert()
#4 C:\xampp new\htdocs\active\system\BaseModel.php(838): CodeIgniter\Model->doInsert(Array)
#5 C:\xampp new\htdocs\active\system\Model.php(797): CodeIgniter\BaseModel->insert(Array, true)
#6 C:\xampp new\htdocs\active\app\Controllers\AuthController.php(32): CodeIgniter\Model->insert(Array)
#7 C:\xampp new\htdocs\active\system\CodeIgniter.php(933): App\Controllers\AuthController->store()
#8 C:\xampp new\htdocs\active\system\CodeIgniter.php(507): CodeIgniter\CodeIgniter->runController(Object(App\Controllers\AuthController))
#9 C:\xampp new\htdocs\active\system\CodeIgniter.php(354): CodeIgniter\CodeIgniter->handleRequest(NULL, Object(Config\Cache), false)
#10 C:\xampp new\htdocs\active\system\Boot.php(363): CodeIgniter\CodeIgniter->run()
#11 C:\xampp new\htdocs\active\system\Boot.php(68): CodeIgniter\Boot::runCodeIgniter(Object(CodeIgniter\CodeIgniter))
#12 C:\xampp new\htdocs\active\public\index.php(59): CodeIgniter\Boot::bootWeb(Object(Config\Paths))
#13 C:\xampp new\htdocs\active\system\rewrite.php(44): require_once('C:\\xampp new\\ht...')
#14 {main}
CRITICAL - 2025-09-17 10:48:06 --> CodeIgniter\Database\Exceptions\DatabaseException: Unable to connect to the database.
Main connection [MySQLi]: Access denied for user ''@'localhost' (using password: NO)
[Method: POST, Route: register]
in SYSTEMPATH\Database\BaseConnection.php on line 465.
 1 SYSTEMPATH\Database\BaseConnection.php(614): CodeIgniter\Database\BaseConnection->initialize()
 2 SYSTEMPATH\Database\BaseBuilder.php(2345): CodeIgniter\Database\BaseConnection->query('INSERT INTO `users` (`from_email`, `to_email`, `subject`, `password`, `active_status`, `token`) VALUES (:from_email:, :to_email:, :subject:, :password:, :active_status:, :token:)', [...], false)
 3 SYSTEMPATH\Model.php(394): CodeIgniter\Database\BaseBuilder->insert()
 4 SYSTEMPATH\BaseModel.php(838): CodeIgniter\Model->doInsert([...])
 5 SYSTEMPATH\Model.php(797): CodeIgniter\BaseModel->insert([...], true)
 6 APPPATH\Controllers\AuthController.php(32): CodeIgniter\Model->insert([...])
 7 SYSTEMPATH\CodeIgniter.php(933): App\Controllers\AuthController->store()
 8 SYSTEMPATH\CodeIgniter.php(507): CodeIgniter\CodeIgniter->runController(Object(App\Controllers\AuthController))
 9 SYSTEMPATH\CodeIgniter.php(354): CodeIgniter\CodeIgniter->handleRequest(null, Object(Config\Cache), false)
10 SYSTEMPATH\Boot.php(363): CodeIgniter\CodeIgniter->run()
11 SYSTEMPATH\Boot.php(68): CodeIgniter\Boot::runCodeIgniter(Object(CodeIgniter\CodeIgniter))
12 FCPATH\index.php(59): CodeIgniter\Boot::bootWeb(Object(Config\Paths))
13 SYSTEMPATH\rewrite.php(44): require_once('C:\\xampp new\\htdocs\\active\\public\\index.php')
ERROR - 2025-09-17 10:49:48 --> Error connecting to the database: mysqli_sql_exception: Access denied for user ''@'localhost' (using password: NO) in C:\xampp new\htdocs\active\system\Database\MySQLi\Connection.php:201
Stack trace:
#0 C:\xampp new\htdocs\active\system\Database\MySQLi\Connection.php(201): mysqli->real_connect('localhost', '', Object(SensitiveParameterValue), '', 3306, '', 0)
#1 C:\xampp new\htdocs\active\system\Database\BaseConnection.php(419): CodeIgniter\Database\MySQLi\Connection->connect(false)
#2 C:\xampp new\htdocs\active\system\Database\BaseConnection.php(614): CodeIgniter\Database\BaseConnection->initialize()
#3 C:\xampp new\htdocs\active\system\Database\BaseBuilder.php(2345): CodeIgniter\Database\BaseConnection->query('INSERT INTO `us...', Array, false)
#4 C:\xampp new\htdocs\active\system\Model.php(394): CodeIgniter\Database\BaseBuilder->insert()
#5 C:\xampp new\htdocs\active\system\BaseModel.php(838): CodeIgniter\Model->doInsert(Array)
#6 C:\xampp new\htdocs\active\system\Model.php(797): CodeIgniter\BaseModel->insert(Array, true)
#7 C:\xampp new\htdocs\active\app\Controllers\AuthController.php(32): CodeIgniter\Model->insert(Array)
#8 C:\xampp new\htdocs\active\system\CodeIgniter.php(933): App\Controllers\AuthController->store()
#9 C:\xampp new\htdocs\active\system\CodeIgniter.php(507): CodeIgniter\CodeIgniter->runController(Object(App\Controllers\AuthController))
#10 C:\xampp new\htdocs\active\system\CodeIgniter.php(354): CodeIgniter\CodeIgniter->handleRequest(NULL, Object(Config\Cache), false)
#11 C:\xampp new\htdocs\active\system\Boot.php(363): CodeIgniter\CodeIgniter->run()
#12 C:\xampp new\htdocs\active\system\Boot.php(68): CodeIgniter\Boot::runCodeIgniter(Object(CodeIgniter\CodeIgniter))
#13 C:\xampp new\htdocs\active\public\index.php(59): CodeIgniter\Boot::bootWeb(Object(Config\Paths))
#14 C:\xampp new\htdocs\active\system\rewrite.php(44): require_once('C:\\xampp new\\ht...')
#15 {main}

Next CodeIgniter\Database\Exceptions\DatabaseException: Access denied for user ''@'localhost' (using password: NO) in C:\xampp new\htdocs\active\system\Database\MySQLi\Connection.php:246
Stack trace:
#0 C:\xampp new\htdocs\active\system\Database\BaseConnection.php(419): CodeIgniter\Database\MySQLi\Connection->connect(false)
#1 C:\xampp new\htdocs\active\system\Database\BaseConnection.php(614): CodeIgniter\Database\BaseConnection->initialize()
#2 C:\xampp new\htdocs\active\system\Database\BaseBuilder.php(2345): CodeIgniter\Database\BaseConnection->query('INSERT INTO `us...', Array, false)
#3 C:\xampp new\htdocs\active\system\Model.php(394): CodeIgniter\Database\BaseBuilder->insert()
#4 C:\xampp new\htdocs\active\system\BaseModel.php(838): CodeIgniter\Model->doInsert(Array)
#5 C:\xampp new\htdocs\active\system\Model.php(797): CodeIgniter\BaseModel->insert(Array, true)
#6 C:\xampp new\htdocs\active\app\Controllers\AuthController.php(32): CodeIgniter\Model->insert(Array)
#7 C:\xampp new\htdocs\active\system\CodeIgniter.php(933): App\Controllers\AuthController->store()
#8 C:\xampp new\htdocs\active\system\CodeIgniter.php(507): CodeIgniter\CodeIgniter->runController(Object(App\Controllers\AuthController))
#9 C:\xampp new\htdocs\active\system\CodeIgniter.php(354): CodeIgniter\CodeIgniter->handleRequest(NULL, Object(Config\Cache), false)
#10 C:\xampp new\htdocs\active\system\Boot.php(363): CodeIgniter\CodeIgniter->run()
#11 C:\xampp new\htdocs\active\system\Boot.php(68): CodeIgniter\Boot::runCodeIgniter(Object(CodeIgniter\CodeIgniter))
#12 C:\xampp new\htdocs\active\public\index.php(59): CodeIgniter\Boot::bootWeb(Object(Config\Paths))
#13 C:\xampp new\htdocs\active\system\rewrite.php(44): require_once('C:\\xampp new\\ht...')
#14 {main}
CRITICAL - 2025-09-17 10:49:48 --> CodeIgniter\Database\Exceptions\DatabaseException: Unable to connect to the database.
Main connection [MySQLi]: Access denied for user ''@'localhost' (using password: NO)
[Method: POST, Route: register]
in SYSTEMPATH\Database\BaseConnection.php on line 465.
 1 SYSTEMPATH\Database\BaseConnection.php(614): CodeIgniter\Database\BaseConnection->initialize()
 2 SYSTEMPATH\Database\BaseBuilder.php(2345): CodeIgniter\Database\BaseConnection->query('INSERT INTO `users` (`from_email`, `to_email`, `subject`, `password`, `active_status`, `token`) VALUES (:from_email:, :to_email:, :subject:, :password:, :active_status:, :token:)', [...], false)
 3 SYSTEMPATH\Model.php(394): CodeIgniter\Database\BaseBuilder->insert()
 4 SYSTEMPATH\BaseModel.php(838): CodeIgniter\Model->doInsert([...])
 5 SYSTEMPATH\Model.php(797): CodeIgniter\BaseModel->insert([...], true)
 6 APPPATH\Controllers\AuthController.php(32): CodeIgniter\Model->insert([...])
 7 SYSTEMPATH\CodeIgniter.php(933): App\Controllers\AuthController->store()
 8 SYSTEMPATH\CodeIgniter.php(507): CodeIgniter\CodeIgniter->runController(Object(App\Controllers\AuthController))
 9 SYSTEMPATH\CodeIgniter.php(354): CodeIgniter\CodeIgniter->handleRequest(null, Object(Config\Cache), false)
10 SYSTEMPATH\Boot.php(363): CodeIgniter\CodeIgniter->run()
11 SYSTEMPATH\Boot.php(68): CodeIgniter\Boot::runCodeIgniter(Object(CodeIgniter\CodeIgniter))
12 FCPATH\index.php(59): CodeIgniter\Boot::bootWeb(Object(Config\Paths))
13 SYSTEMPATH\rewrite.php(44): require_once('C:\\xampp new\\htdocs\\active\\public\\index.php')
ERROR - 2025-09-17 10:52:26 --> Error connecting to the database: mysqli_sql_exception: Access denied for user ''@'localhost' (using password: NO) in C:\xampp new\htdocs\active\system\Database\MySQLi\Connection.php:201
Stack trace:
#0 C:\xampp new\htdocs\active\system\Database\MySQLi\Connection.php(201): mysqli->real_connect('localhost', '', Object(SensitiveParameterValue), '', 3306, '', 0)
#1 C:\xampp new\htdocs\active\system\Database\BaseConnection.php(419): CodeIgniter\Database\MySQLi\Connection->connect(false)
#2 C:\xampp new\htdocs\active\system\Database\BaseConnection.php(614): CodeIgniter\Database\BaseConnection->initialize()
#3 C:\xampp new\htdocs\active\system\Database\BaseBuilder.php(2345): CodeIgniter\Database\BaseConnection->query('INSERT INTO `us...', Array, false)
#4 C:\xampp new\htdocs\active\system\Model.php(394): CodeIgniter\Database\BaseBuilder->insert()
#5 C:\xampp new\htdocs\active\system\BaseModel.php(838): CodeIgniter\Model->doInsert(Array)
#6 C:\xampp new\htdocs\active\system\Model.php(797): CodeIgniter\BaseModel->insert(Array, true)
#7 C:\xampp new\htdocs\active\app\Controllers\AuthController.php(32): CodeIgniter\Model->insert(Array)
#8 C:\xampp new\htdocs\active\system\CodeIgniter.php(933): App\Controllers\AuthController->store()
#9 C:\xampp new\htdocs\active\system\CodeIgniter.php(507): CodeIgniter\CodeIgniter->runController(Object(App\Controllers\AuthController))
#10 C:\xampp new\htdocs\active\system\CodeIgniter.php(354): CodeIgniter\CodeIgniter->handleRequest(NULL, Object(Config\Cache), false)
#11 C:\xampp new\htdocs\active\system\Boot.php(363): CodeIgniter\CodeIgniter->run()
#12 C:\xampp new\htdocs\active\system\Boot.php(68): CodeIgniter\Boot::runCodeIgniter(Object(CodeIgniter\CodeIgniter))
#13 C:\xampp new\htdocs\active\public\index.php(59): CodeIgniter\Boot::bootWeb(Object(Config\Paths))
#14 C:\xampp new\htdocs\active\system\rewrite.php(44): require_once('C:\\xampp new\\ht...')
#15 {main}

Next CodeIgniter\Database\Exceptions\DatabaseException: Access denied for user ''@'localhost' (using password: NO) in C:\xampp new\htdocs\active\system\Database\MySQLi\Connection.php:246
Stack trace:
#0 C:\xampp new\htdocs\active\system\Database\BaseConnection.php(419): CodeIgniter\Database\MySQLi\Connection->connect(false)
#1 C:\xampp new\htdocs\active\system\Database\BaseConnection.php(614): CodeIgniter\Database\BaseConnection->initialize()
#2 C:\xampp new\htdocs\active\system\Database\BaseBuilder.php(2345): CodeIgniter\Database\BaseConnection->query('INSERT INTO `us...', Array, false)
#3 C:\xampp new\htdocs\active\system\Model.php(394): CodeIgniter\Database\BaseBuilder->insert()
#4 C:\xampp new\htdocs\active\system\BaseModel.php(838): CodeIgniter\Model->doInsert(Array)
#5 C:\xampp new\htdocs\active\system\Model.php(797): CodeIgniter\BaseModel->insert(Array, true)
#6 C:\xampp new\htdocs\active\app\Controllers\AuthController.php(32): CodeIgniter\Model->insert(Array)
#7 C:\xampp new\htdocs\active\system\CodeIgniter.php(933): App\Controllers\AuthController->store()
#8 C:\xampp new\htdocs\active\system\CodeIgniter.php(507): CodeIgniter\CodeIgniter->runController(Object(App\Controllers\AuthController))
#9 C:\xampp new\htdocs\active\system\CodeIgniter.php(354): CodeIgniter\CodeIgniter->handleRequest(NULL, Object(Config\Cache), false)
#10 C:\xampp new\htdocs\active\system\Boot.php(363): CodeIgniter\CodeIgniter->run()
#11 C:\xampp new\htdocs\active\system\Boot.php(68): CodeIgniter\Boot::runCodeIgniter(Object(CodeIgniter\CodeIgniter))
#12 C:\xampp new\htdocs\active\public\index.php(59): CodeIgniter\Boot::bootWeb(Object(Config\Paths))
#13 C:\xampp new\htdocs\active\system\rewrite.php(44): require_once('C:\\xampp new\\ht...')
#14 {main}
CRITICAL - 2025-09-17 10:52:26 --> CodeIgniter\Database\Exceptions\DatabaseException: Unable to connect to the database.
Main connection [MySQLi]: Access denied for user ''@'localhost' (using password: NO)
[Method: POST, Route: register]
in SYSTEMPATH\Database\BaseConnection.php on line 465.
 1 SYSTEMPATH\Database\BaseConnection.php(614): CodeIgniter\Database\BaseConnection->initialize()
 2 SYSTEMPATH\Database\BaseBuilder.php(2345): CodeIgniter\Database\BaseConnection->query('INSERT INTO `users` (`from_email`, `to_email`, `subject`, `password`, `active_status`, `token`) VALUES (:from_email:, :to_email:, :subject:, :password:, :active_status:, :token:)', [...], false)
 3 SYSTEMPATH\Model.php(394): CodeIgniter\Database\BaseBuilder->insert()
 4 SYSTEMPATH\BaseModel.php(838): CodeIgniter\Model->doInsert([...])
 5 SYSTEMPATH\Model.php(797): CodeIgniter\BaseModel->insert([...], true)
 6 APPPATH\Controllers\AuthController.php(32): CodeIgniter\Model->insert([...])
 7 SYSTEMPATH\CodeIgniter.php(933): App\Controllers\AuthController->store()
 8 SYSTEMPATH\CodeIgniter.php(507): CodeIgniter\CodeIgniter->runController(Object(App\Controllers\AuthController))
 9 SYSTEMPATH\CodeIgniter.php(354): CodeIgniter\CodeIgniter->handleRequest(null, Object(Config\Cache), false)
10 SYSTEMPATH\Boot.php(363): CodeIgniter\CodeIgniter->run()
11 SYSTEMPATH\Boot.php(68): CodeIgniter\Boot::runCodeIgniter(Object(CodeIgniter\CodeIgniter))
12 FCPATH\index.php(59): CodeIgniter\Boot::bootWeb(Object(Config\Paths))
13 SYSTEMPATH\rewrite.php(44): require_once('C:\\xampp new\\htdocs\\active\\public\\index.php')
ERROR - 2025-09-17 10:53:07 --> Error connecting to the database: mysqli_sql_exception: Access denied for user ''@'localhost' (using password: NO) in C:\xampp new\htdocs\active\system\Database\MySQLi\Connection.php:201
Stack trace:
#0 C:\xampp new\htdocs\active\system\Database\MySQLi\Connection.php(201): mysqli->real_connect('localhost', '', Object(SensitiveParameterValue), '', 3306, '', 0)
#1 C:\xampp new\htdocs\active\system\Database\BaseConnection.php(419): CodeIgniter\Database\MySQLi\Connection->connect(false)
#2 C:\xampp new\htdocs\active\system\Database\BaseConnection.php(614): CodeIgniter\Database\BaseConnection->initialize()
#3 C:\xampp new\htdocs\active\system\Database\BaseBuilder.php(2345): CodeIgniter\Database\BaseConnection->query('INSERT INTO `us...', Array, false)
#4 C:\xampp new\htdocs\active\system\Model.php(394): CodeIgniter\Database\BaseBuilder->insert()
#5 C:\xampp new\htdocs\active\system\BaseModel.php(838): CodeIgniter\Model->doInsert(Array)
#6 C:\xampp new\htdocs\active\system\Model.php(797): CodeIgniter\BaseModel->insert(Array, true)
#7 C:\xampp new\htdocs\active\app\Controllers\AuthController.php(32): CodeIgniter\Model->insert(Array)
#8 C:\xampp new\htdocs\active\system\CodeIgniter.php(933): App\Controllers\AuthController->store()
#9 C:\xampp new\htdocs\active\system\CodeIgniter.php(507): CodeIgniter\CodeIgniter->runController(Object(App\Controllers\AuthController))
#10 C:\xampp new\htdocs\active\system\CodeIgniter.php(354): CodeIgniter\CodeIgniter->handleRequest(NULL, Object(Config\Cache), false)
#11 C:\xampp new\htdocs\active\system\Boot.php(363): CodeIgniter\CodeIgniter->run()
#12 C:\xampp new\htdocs\active\system\Boot.php(68): CodeIgniter\Boot::runCodeIgniter(Object(CodeIgniter\CodeIgniter))
#13 C:\xampp new\htdocs\active\public\index.php(59): CodeIgniter\Boot::bootWeb(Object(Config\Paths))
#14 C:\xampp new\htdocs\active\system\rewrite.php(44): require_once('C:\\xampp new\\ht...')
#15 {main}

Next CodeIgniter\Database\Exceptions\DatabaseException: Access denied for user ''@'localhost' (using password: NO) in C:\xampp new\htdocs\active\system\Database\MySQLi\Connection.php:246
Stack trace:
#0 C:\xampp new\htdocs\active\system\Database\BaseConnection.php(419): CodeIgniter\Database\MySQLi\Connection->connect(false)
#1 C:\xampp new\htdocs\active\system\Database\BaseConnection.php(614): CodeIgniter\Database\BaseConnection->initialize()
#2 C:\xampp new\htdocs\active\system\Database\BaseBuilder.php(2345): CodeIgniter\Database\BaseConnection->query('INSERT INTO `us...', Array, false)
#3 C:\xampp new\htdocs\active\system\Model.php(394): CodeIgniter\Database\BaseBuilder->insert()
#4 C:\xampp new\htdocs\active\system\BaseModel.php(838): CodeIgniter\Model->doInsert(Array)
#5 C:\xampp new\htdocs\active\system\Model.php(797): CodeIgniter\BaseModel->insert(Array, true)
#6 C:\xampp new\htdocs\active\app\Controllers\AuthController.php(32): CodeIgniter\Model->insert(Array)
#7 C:\xampp new\htdocs\active\system\CodeIgniter.php(933): App\Controllers\AuthController->store()
#8 C:\xampp new\htdocs\active\system\CodeIgniter.php(507): CodeIgniter\CodeIgniter->runController(Object(App\Controllers\AuthController))
#9 C:\xampp new\htdocs\active\system\CodeIgniter.php(354): CodeIgniter\CodeIgniter->handleRequest(NULL, Object(Config\Cache), false)
#10 C:\xampp new\htdocs\active\system\Boot.php(363): CodeIgniter\CodeIgniter->run()
#11 C:\xampp new\htdocs\active\system\Boot.php(68): CodeIgniter\Boot::runCodeIgniter(Object(CodeIgniter\CodeIgniter))
#12 C:\xampp new\htdocs\active\public\index.php(59): CodeIgniter\Boot::bootWeb(Object(Config\Paths))
#13 C:\xampp new\htdocs\active\system\rewrite.php(44): require_once('C:\\xampp new\\ht...')
#14 {main}
CRITICAL - 2025-09-17 10:53:07 --> CodeIgniter\Database\Exceptions\DatabaseException: Unable to connect to the database.
Main connection [MySQLi]: Access denied for user ''@'localhost' (using password: NO)
[Method: POST, Route: register]
in SYSTEMPATH\Database\BaseConnection.php on line 465.
 1 SYSTEMPATH\Database\BaseConnection.php(614): CodeIgniter\Database\BaseConnection->initialize()
 2 SYSTEMPATH\Database\BaseBuilder.php(2345): CodeIgniter\Database\BaseConnection->query('INSERT INTO `users` (`from_email`, `to_email`, `subject`, `password`, `active_status`, `token`) VALUES (:from_email:, :to_email:, :subject:, :password:, :active_status:, :token:)', [...], false)
 3 SYSTEMPATH\Model.php(394): CodeIgniter\Database\BaseBuilder->insert()
 4 SYSTEMPATH\BaseModel.php(838): CodeIgniter\Model->doInsert([...])
 5 SYSTEMPATH\Model.php(797): CodeIgniter\BaseModel->insert([...], true)
 6 APPPATH\Controllers\AuthController.php(32): CodeIgniter\Model->insert([...])
 7 SYSTEMPATH\CodeIgniter.php(933): App\Controllers\AuthController->store()
 8 SYSTEMPATH\CodeIgniter.php(507): CodeIgniter\CodeIgniter->runController(Object(App\Controllers\AuthController))
 9 SYSTEMPATH\CodeIgniter.php(354): CodeIgniter\CodeIgniter->handleRequest(null, Object(Config\Cache), false)
10 SYSTEMPATH\Boot.php(363): CodeIgniter\CodeIgniter->run()
11 SYSTEMPATH\Boot.php(68): CodeIgniter\Boot::runCodeIgniter(Object(CodeIgniter\CodeIgniter))
12 FCPATH\index.php(59): CodeIgniter\Boot::bootWeb(Object(Config\Paths))
13 SYSTEMPATH\rewrite.php(44): require_once('C:\\xampp new\\htdocs\\active\\public\\index.php')
ERROR - 2025-09-17 11:07:19 --> Error connecting to the database: mysqli_sql_exception: Access denied for user ''@'localhost' (using password: NO) in C:\xampp new\htdocs\active\system\Database\MySQLi\Connection.php:201
Stack trace:
#0 C:\xampp new\htdocs\active\system\Database\MySQLi\Connection.php(201): mysqli->real_connect('localhost', '', Object(SensitiveParameterValue), '', 3306, '', 0)
#1 C:\xampp new\htdocs\active\system\Database\BaseConnection.php(419): CodeIgniter\Database\MySQLi\Connection->connect(false)
#2 C:\xampp new\htdocs\active\system\Database\BaseConnection.php(614): CodeIgniter\Database\BaseConnection->initialize()
#3 C:\xampp new\htdocs\active\system\Database\BaseBuilder.php(2345): CodeIgniter\Database\BaseConnection->query('INSERT INTO `us...', Array, false)
#4 C:\xampp new\htdocs\active\system\Model.php(394): CodeIgniter\Database\BaseBuilder->insert()
#5 C:\xampp new\htdocs\active\system\BaseModel.php(838): CodeIgniter\Model->doInsert(Array)
#6 C:\xampp new\htdocs\active\system\Model.php(797): CodeIgniter\BaseModel->insert(Array, true)
#7 C:\xampp new\htdocs\active\app\Controllers\AuthController.php(32): CodeIgniter\Model->insert(Array)
#8 C:\xampp new\htdocs\active\system\CodeIgniter.php(933): App\Controllers\AuthController->store()
#9 C:\xampp new\htdocs\active\system\CodeIgniter.php(507): CodeIgniter\CodeIgniter->runController(Object(App\Controllers\AuthController))
#10 C:\xampp new\htdocs\active\system\CodeIgniter.php(354): CodeIgniter\CodeIgniter->handleRequest(NULL, Object(Config\Cache), false)
#11 C:\xampp new\htdocs\active\system\Boot.php(363): CodeIgniter\CodeIgniter->run()
#12 C:\xampp new\htdocs\active\system\Boot.php(68): CodeIgniter\Boot::runCodeIgniter(Object(CodeIgniter\CodeIgniter))
#13 C:\xampp new\htdocs\active\public\index.php(59): CodeIgniter\Boot::bootWeb(Object(Config\Paths))
#14 C:\xampp new\htdocs\active\system\rewrite.php(44): require_once('C:\\xampp new\\ht...')
#15 {main}

Next CodeIgniter\Database\Exceptions\DatabaseException: Access denied for user ''@'localhost' (using password: NO) in C:\xampp new\htdocs\active\system\Database\MySQLi\Connection.php:246
Stack trace:
#0 C:\xampp new\htdocs\active\system\Database\BaseConnection.php(419): CodeIgniter\Database\MySQLi\Connection->connect(false)
#1 C:\xampp new\htdocs\active\system\Database\BaseConnection.php(614): CodeIgniter\Database\BaseConnection->initialize()
#2 C:\xampp new\htdocs\active\system\Database\BaseBuilder.php(2345): CodeIgniter\Database\BaseConnection->query('INSERT INTO `us...', Array, false)
#3 C:\xampp new\htdocs\active\system\Model.php(394): CodeIgniter\Database\BaseBuilder->insert()
#4 C:\xampp new\htdocs\active\system\BaseModel.php(838): CodeIgniter\Model->doInsert(Array)
#5 C:\xampp new\htdocs\active\system\Model.php(797): CodeIgniter\BaseModel->insert(Array, true)
#6 C:\xampp new\htdocs\active\app\Controllers\AuthController.php(32): CodeIgniter\Model->insert(Array)
#7 C:\xampp new\htdocs\active\system\CodeIgniter.php(933): App\Controllers\AuthController->store()
#8 C:\xampp new\htdocs\active\system\CodeIgniter.php(507): CodeIgniter\CodeIgniter->runController(Object(App\Controllers\AuthController))
#9 C:\xampp new\htdocs\active\system\CodeIgniter.php(354): CodeIgniter\CodeIgniter->handleRequest(NULL, Object(Config\Cache), false)
#10 C:\xampp new\htdocs\active\system\Boot.php(363): CodeIgniter\CodeIgniter->run()
#11 C:\xampp new\htdocs\active\system\Boot.php(68): CodeIgniter\Boot::runCodeIgniter(Object(CodeIgniter\CodeIgniter))
#12 C:\xampp new\htdocs\active\public\index.php(59): CodeIgniter\Boot::bootWeb(Object(Config\Paths))
#13 C:\xampp new\htdocs\active\system\rewrite.php(44): require_once('C:\\xampp new\\ht...')
#14 {main}
CRITICAL - 2025-09-17 11:07:19 --> CodeIgniter\Database\Exceptions\DatabaseException: Unable to connect to the database.
Main connection [MySQLi]: Access denied for user ''@'localhost' (using password: NO)
[Method: POST, Route: register]
in SYSTEMPATH\Database\BaseConnection.php on line 465.
 1 SYSTEMPATH\Database\BaseConnection.php(614): CodeIgniter\Database\BaseConnection->initialize()
 2 SYSTEMPATH\Database\BaseBuilder.php(2345): CodeIgniter\Database\BaseConnection->query('INSERT INTO `users` (`from_email`, `to_email`, `subject`, `password`, `active_status`, `token`) VALUES (:from_email:, :to_email:, :subject:, :password:, :active_status:, :token:)', [...], false)
 3 SYSTEMPATH\Model.php(394): CodeIgniter\Database\BaseBuilder->insert()
 4 SYSTEMPATH\BaseModel.php(838): CodeIgniter\Model->doInsert([...])
 5 SYSTEMPATH\Model.php(797): CodeIgniter\BaseModel->insert([...], true)
 6 APPPATH\Controllers\AuthController.php(32): CodeIgniter\Model->insert([...])
 7 SYSTEMPATH\CodeIgniter.php(933): App\Controllers\AuthController->store()
 8 SYSTEMPATH\CodeIgniter.php(507): CodeIgniter\CodeIgniter->runController(Object(App\Controllers\AuthController))
 9 SYSTEMPATH\CodeIgniter.php(354): CodeIgniter\CodeIgniter->handleRequest(null, Object(Config\Cache), false)
10 SYSTEMPATH\Boot.php(363): CodeIgniter\CodeIgniter->run()
11 SYSTEMPATH\Boot.php(68): CodeIgniter\Boot::runCodeIgniter(Object(CodeIgniter\CodeIgniter))
12 FCPATH\index.php(59): CodeIgniter\Boot::bootWeb(Object(Config\Paths))
13 SYSTEMPATH\rewrite.php(44): require_once('C:\\xampp new\\htdocs\\active\\public\\index.php')
ERROR - 2025-09-17 11:09:35 --> Error connecting to the database: mysqli_sql_exception: Access denied for user ''@'localhost' (using password: NO) in C:\xampp new\htdocs\active\system\Database\MySQLi\Connection.php:201
Stack trace:
#0 C:\xampp new\htdocs\active\system\Database\MySQLi\Connection.php(201): mysqli->real_connect('localhost', '', Object(SensitiveParameterValue), '', 3306, '', 0)
#1 C:\xampp new\htdocs\active\system\Database\BaseConnection.php(419): CodeIgniter\Database\MySQLi\Connection->connect(false)
#2 C:\xampp new\htdocs\active\system\Database\BaseConnection.php(614): CodeIgniter\Database\BaseConnection->initialize()
#3 C:\xampp new\htdocs\active\system\Database\BaseBuilder.php(2345): CodeIgniter\Database\BaseConnection->query('INSERT INTO `us...', Array, false)
#4 C:\xampp new\htdocs\active\system\Model.php(394): CodeIgniter\Database\BaseBuilder->insert()
#5 C:\xampp new\htdocs\active\system\BaseModel.php(838): CodeIgniter\Model->doInsert(Array)
#6 C:\xampp new\htdocs\active\system\Model.php(797): CodeIgniter\BaseModel->insert(Array, true)
#7 C:\xampp new\htdocs\active\app\Controllers\AuthController.php(32): CodeIgniter\Model->insert(Array)
#8 C:\xampp new\htdocs\active\system\CodeIgniter.php(933): App\Controllers\AuthController->store()
#9 C:\xampp new\htdocs\active\system\CodeIgniter.php(507): CodeIgniter\CodeIgniter->runController(Object(App\Controllers\AuthController))
#10 C:\xampp new\htdocs\active\system\CodeIgniter.php(354): CodeIgniter\CodeIgniter->handleRequest(NULL, Object(Config\Cache), false)
#11 C:\xampp new\htdocs\active\system\Boot.php(363): CodeIgniter\CodeIgniter->run()
#12 C:\xampp new\htdocs\active\system\Boot.php(68): CodeIgniter\Boot::runCodeIgniter(Object(CodeIgniter\CodeIgniter))
#13 C:\xampp new\htdocs\active\public\index.php(59): CodeIgniter\Boot::bootWeb(Object(Config\Paths))
#14 C:\xampp new\htdocs\active\system\rewrite.php(44): require_once('C:\\xampp new\\ht...')
#15 {main}

Next CodeIgniter\Database\Exceptions\DatabaseException: Access denied for user ''@'localhost' (using password: NO) in C:\xampp new\htdocs\active\system\Database\MySQLi\Connection.php:246
Stack trace:
#0 C:\xampp new\htdocs\active\system\Database\BaseConnection.php(419): CodeIgniter\Database\MySQLi\Connection->connect(false)
#1 C:\xampp new\htdocs\active\system\Database\BaseConnection.php(614): CodeIgniter\Database\BaseConnection->initialize()
#2 C:\xampp new\htdocs\active\system\Database\BaseBuilder.php(2345): CodeIgniter\Database\BaseConnection->query('INSERT INTO `us...', Array, false)
#3 C:\xampp new\htdocs\active\system\Model.php(394): CodeIgniter\Database\BaseBuilder->insert()
#4 C:\xampp new\htdocs\active\system\BaseModel.php(838): CodeIgniter\Model->doInsert(Array)
#5 C:\xampp new\htdocs\active\system\Model.php(797): CodeIgniter\BaseModel->insert(Array, true)
#6 C:\xampp new\htdocs\active\app\Controllers\AuthController.php(32): CodeIgniter\Model->insert(Array)
#7 C:\xampp new\htdocs\active\system\CodeIgniter.php(933): App\Controllers\AuthController->store()
#8 C:\xampp new\htdocs\active\system\CodeIgniter.php(507): CodeIgniter\CodeIgniter->runController(Object(App\Controllers\AuthController))
#9 C:\xampp new\htdocs\active\system\CodeIgniter.php(354): CodeIgniter\CodeIgniter->handleRequest(NULL, Object(Config\Cache), false)
#10 C:\xampp new\htdocs\active\system\Boot.php(363): CodeIgniter\CodeIgniter->run()
#11 C:\xampp new\htdocs\active\system\Boot.php(68): CodeIgniter\Boot::runCodeIgniter(Object(CodeIgniter\CodeIgniter))
#12 C:\xampp new\htdocs\active\public\index.php(59): CodeIgniter\Boot::bootWeb(Object(Config\Paths))
#13 C:\xampp new\htdocs\active\system\rewrite.php(44): require_once('C:\\xampp new\\ht...')
#14 {main}
CRITICAL - 2025-09-17 11:09:35 --> CodeIgniter\Database\Exceptions\DatabaseException: Unable to connect to the database.
Main connection [MySQLi]: Access denied for user ''@'localhost' (using password: NO)
[Method: POST, Route: register]
in SYSTEMPATH\Database\BaseConnection.php on line 465.
 1 SYSTEMPATH\Database\BaseConnection.php(614): CodeIgniter\Database\BaseConnection->initialize()
 2 SYSTEMPATH\Database\BaseBuilder.php(2345): CodeIgniter\Database\BaseConnection->query('INSERT INTO `users` (`from_email`, `to_email`, `subject`, `password`, `active_status`, `token`) VALUES (:from_email:, :to_email:, :subject:, :password:, :active_status:, :token:)', [...], false)
 3 SYSTEMPATH\Model.php(394): CodeIgniter\Database\BaseBuilder->insert()
 4 SYSTEMPATH\BaseModel.php(838): CodeIgniter\Model->doInsert([...])
 5 SYSTEMPATH\Model.php(797): CodeIgniter\BaseModel->insert([...], true)
 6 APPPATH\Controllers\AuthController.php(32): CodeIgniter\Model->insert([...])
 7 SYSTEMPATH\CodeIgniter.php(933): App\Controllers\AuthController->store()
 8 SYSTEMPATH\CodeIgniter.php(507): CodeIgniter\CodeIgniter->runController(Object(App\Controllers\AuthController))
 9 SYSTEMPATH\CodeIgniter.php(354): CodeIgniter\CodeIgniter->handleRequest(null, Object(Config\Cache), false)
10 SYSTEMPATH\Boot.php(363): CodeIgniter\CodeIgniter->run()
11 SYSTEMPATH\Boot.php(68): CodeIgniter\Boot::runCodeIgniter(Object(CodeIgniter\CodeIgniter))
12 FCPATH\index.php(59): CodeIgniter\Boot::bootWeb(Object(Config\Paths))
13 SYSTEMPATH\rewrite.php(44): require_once('C:\\xampp new\\htdocs\\active\\public\\index.php')
ERROR - 2025-09-17 11:09:50 --> Error connecting to the database: mysqli_sql_exception: Access denied for user ''@'localhost' (using password: NO) in C:\xampp new\htdocs\active\system\Database\MySQLi\Connection.php:201
Stack trace:
#0 C:\xampp new\htdocs\active\system\Database\MySQLi\Connection.php(201): mysqli->real_connect('localhost', '', Object(SensitiveParameterValue), '', 3306, '', 0)
#1 C:\xampp new\htdocs\active\system\Database\BaseConnection.php(419): CodeIgniter\Database\MySQLi\Connection->connect(false)
#2 C:\xampp new\htdocs\active\system\Database\BaseConnection.php(614): CodeIgniter\Database\BaseConnection->initialize()
#3 C:\xampp new\htdocs\active\system\Database\BaseBuilder.php(2345): CodeIgniter\Database\BaseConnection->query('INSERT INTO `us...', Array, false)
#4 C:\xampp new\htdocs\active\system\Model.php(394): CodeIgniter\Database\BaseBuilder->insert()
#5 C:\xampp new\htdocs\active\system\BaseModel.php(838): CodeIgniter\Model->doInsert(Array)
#6 C:\xampp new\htdocs\active\system\Model.php(797): CodeIgniter\BaseModel->insert(Array, true)
#7 C:\xampp new\htdocs\active\app\Controllers\AuthController.php(32): CodeIgniter\Model->insert(Array)
#8 C:\xampp new\htdocs\active\system\CodeIgniter.php(933): App\Controllers\AuthController->store()
#9 C:\xampp new\htdocs\active\system\CodeIgniter.php(507): CodeIgniter\CodeIgniter->runController(Object(App\Controllers\AuthController))
#10 C:\xampp new\htdocs\active\system\CodeIgniter.php(354): CodeIgniter\CodeIgniter->handleRequest(NULL, Object(Config\Cache), false)
#11 C:\xampp new\htdocs\active\system\Boot.php(363): CodeIgniter\CodeIgniter->run()
#12 C:\xampp new\htdocs\active\system\Boot.php(68): CodeIgniter\Boot::runCodeIgniter(Object(CodeIgniter\CodeIgniter))
#13 C:\xampp new\htdocs\active\public\index.php(59): CodeIgniter\Boot::bootWeb(Object(Config\Paths))
#14 C:\xampp new\htdocs\active\system\rewrite.php(44): require_once('C:\\xampp new\\ht...')
#15 {main}

Next CodeIgniter\Database\Exceptions\DatabaseException: Access denied for user ''@'localhost' (using password: NO) in C:\xampp new\htdocs\active\system\Database\MySQLi\Connection.php:246
Stack trace:
#0 C:\xampp new\htdocs\active\system\Database\BaseConnection.php(419): CodeIgniter\Database\MySQLi\Connection->connect(false)
#1 C:\xampp new\htdocs\active\system\Database\BaseConnection.php(614): CodeIgniter\Database\BaseConnection->initialize()
#2 C:\xampp new\htdocs\active\system\Database\BaseBuilder.php(2345): CodeIgniter\Database\BaseConnection->query('INSERT INTO `us...', Array, false)
#3 C:\xampp new\htdocs\active\system\Model.php(394): CodeIgniter\Database\BaseBuilder->insert()
#4 C:\xampp new\htdocs\active\system\BaseModel.php(838): CodeIgniter\Model->doInsert(Array)
#5 C:\xampp new\htdocs\active\system\Model.php(797): CodeIgniter\BaseModel->insert(Array, true)
#6 C:\xampp new\htdocs\active\app\Controllers\AuthController.php(32): CodeIgniter\Model->insert(Array)
#7 C:\xampp new\htdocs\active\system\CodeIgniter.php(933): App\Controllers\AuthController->store()
#8 C:\xampp new\htdocs\active\system\CodeIgniter.php(507): CodeIgniter\CodeIgniter->runController(Object(App\Controllers\AuthController))
#9 C:\xampp new\htdocs\active\system\CodeIgniter.php(354): CodeIgniter\CodeIgniter->handleRequest(NULL, Object(Config\Cache), false)
#10 C:\xampp new\htdocs\active\system\Boot.php(363): CodeIgniter\CodeIgniter->run()
#11 C:\xampp new\htdocs\active\system\Boot.php(68): CodeIgniter\Boot::runCodeIgniter(Object(CodeIgniter\CodeIgniter))
#12 C:\xampp new\htdocs\active\public\index.php(59): CodeIgniter\Boot::bootWeb(Object(Config\Paths))
#13 C:\xampp new\htdocs\active\system\rewrite.php(44): require_once('C:\\xampp new\\ht...')
#14 {main}
CRITICAL - 2025-09-17 11:09:50 --> CodeIgniter\Database\Exceptions\DatabaseException: Unable to connect to the database.
Main connection [MySQLi]: Access denied for user ''@'localhost' (using password: NO)
[Method: POST, Route: register]
in SYSTEMPATH\Database\BaseConnection.php on line 465.
 1 SYSTEMPATH\Database\BaseConnection.php(614): CodeIgniter\Database\BaseConnection->initialize()
 2 SYSTEMPATH\Database\BaseBuilder.php(2345): CodeIgniter\Database\BaseConnection->query('INSERT INTO `users` (`from_email`, `to_email`, `subject`, `password`, `active_status`) VALUES (:from_email:, :to_email:, :subject:, :password:, :active_status:)', [...], false)
 3 SYSTEMPATH\Model.php(394): CodeIgniter\Database\BaseBuilder->insert()
 4 SYSTEMPATH\BaseModel.php(838): CodeIgniter\Model->doInsert([...])
 5 SYSTEMPATH\Model.php(797): CodeIgniter\BaseModel->insert([...], true)
 6 APPPATH\Controllers\AuthController.php(32): CodeIgniter\Model->insert([...])
 7 SYSTEMPATH\CodeIgniter.php(933): App\Controllers\AuthController->store()
 8 SYSTEMPATH\CodeIgniter.php(507): CodeIgniter\CodeIgniter->runController(Object(App\Controllers\AuthController))
 9 SYSTEMPATH\CodeIgniter.php(354): CodeIgniter\CodeIgniter->handleRequest(null, Object(Config\Cache), false)
10 SYSTEMPATH\Boot.php(363): CodeIgniter\CodeIgniter->run()
11 SYSTEMPATH\Boot.php(68): CodeIgniter\Boot::runCodeIgniter(Object(CodeIgniter\CodeIgniter))
12 FCPATH\index.php(59): CodeIgniter\Boot::bootWeb(Object(Config\Paths))
13 SYSTEMPATH\rewrite.php(44): require_once('C:\\xampp new\\htdocs\\active\\public\\index.php')
ERROR - 2025-09-17 11:10:00 --> Error connecting to the database: mysqli_sql_exception: Access denied for user ''@'localhost' (using password: NO) in C:\xampp new\htdocs\active\system\Database\MySQLi\Connection.php:201
Stack trace:
#0 C:\xampp new\htdocs\active\system\Database\MySQLi\Connection.php(201): mysqli->real_connect('localhost', '', Object(SensitiveParameterValue), '', 3306, '', 0)
#1 C:\xampp new\htdocs\active\system\Database\BaseConnection.php(419): CodeIgniter\Database\MySQLi\Connection->connect(false)
#2 C:\xampp new\htdocs\active\system\Database\BaseConnection.php(614): CodeIgniter\Database\BaseConnection->initialize()
#3 C:\xampp new\htdocs\active\system\Database\BaseBuilder.php(2345): CodeIgniter\Database\BaseConnection->query('INSERT INTO `us...', Array, false)
#4 C:\xampp new\htdocs\active\system\Model.php(394): CodeIgniter\Database\BaseBuilder->insert()
#5 C:\xampp new\htdocs\active\system\BaseModel.php(838): CodeIgniter\Model->doInsert(Array)
#6 C:\xampp new\htdocs\active\system\Model.php(797): CodeIgniter\BaseModel->insert(Array, true)
#7 C:\xampp new\htdocs\active\app\Controllers\AuthController.php(32): CodeIgniter\Model->insert(Array)
#8 C:\xampp new\htdocs\active\system\CodeIgniter.php(933): App\Controllers\AuthController->store()
#9 C:\xampp new\htdocs\active\system\CodeIgniter.php(507): CodeIgniter\CodeIgniter->runController(Object(App\Controllers\AuthController))
#10 C:\xampp new\htdocs\active\system\CodeIgniter.php(354): CodeIgniter\CodeIgniter->handleRequest(NULL, Object(Config\Cache), false)
#11 C:\xampp new\htdocs\active\system\Boot.php(363): CodeIgniter\CodeIgniter->run()
#12 C:\xampp new\htdocs\active\system\Boot.php(68): CodeIgniter\Boot::runCodeIgniter(Object(CodeIgniter\CodeIgniter))
#13 C:\xampp new\htdocs\active\public\index.php(59): CodeIgniter\Boot::bootWeb(Object(Config\Paths))
#14 C:\xampp new\htdocs\active\system\rewrite.php(44): require_once('C:\\xampp new\\ht...')
#15 {main}

Next CodeIgniter\Database\Exceptions\DatabaseException: Access denied for user ''@'localhost' (using password: NO) in C:\xampp new\htdocs\active\system\Database\MySQLi\Connection.php:246
Stack trace:
#0 C:\xampp new\htdocs\active\system\Database\BaseConnection.php(419): CodeIgniter\Database\MySQLi\Connection->connect(false)
#1 C:\xampp new\htdocs\active\system\Database\BaseConnection.php(614): CodeIgniter\Database\BaseConnection->initialize()
#2 C:\xampp new\htdocs\active\system\Database\BaseBuilder.php(2345): CodeIgniter\Database\BaseConnection->query('INSERT INTO `us...', Array, false)
#3 C:\xampp new\htdocs\active\system\Model.php(394): CodeIgniter\Database\BaseBuilder->insert()
#4 C:\xampp new\htdocs\active\system\BaseModel.php(838): CodeIgniter\Model->doInsert(Array)
#5 C:\xampp new\htdocs\active\system\Model.php(797): CodeIgniter\BaseModel->insert(Array, true)
#6 C:\xampp new\htdocs\active\app\Controllers\AuthController.php(32): CodeIgniter\Model->insert(Array)
#7 C:\xampp new\htdocs\active\system\CodeIgniter.php(933): App\Controllers\AuthController->store()
#8 C:\xampp new\htdocs\active\system\CodeIgniter.php(507): CodeIgniter\CodeIgniter->runController(Object(App\Controllers\AuthController))
#9 C:\xampp new\htdocs\active\system\CodeIgniter.php(354): CodeIgniter\CodeIgniter->handleRequest(NULL, Object(Config\Cache), false)
#10 C:\xampp new\htdocs\active\system\Boot.php(363): CodeIgniter\CodeIgniter->run()
#11 C:\xampp new\htdocs\active\system\Boot.php(68): CodeIgniter\Boot::runCodeIgniter(Object(CodeIgniter\CodeIgniter))
#12 C:\xampp new\htdocs\active\public\index.php(59): CodeIgniter\Boot::bootWeb(Object(Config\Paths))
#13 C:\xampp new\htdocs\active\system\rewrite.php(44): require_once('C:\\xampp new\\ht...')
#14 {main}
CRITICAL - 2025-09-17 11:10:00 --> CodeIgniter\Database\Exceptions\DatabaseException: Unable to connect to the database.
Main connection [MySQLi]: Access denied for user ''@'localhost' (using password: NO)
[Method: POST, Route: register]
in SYSTEMPATH\Database\BaseConnection.php on line 465.
 1 SYSTEMPATH\Database\BaseConnection.php(614): CodeIgniter\Database\BaseConnection->initialize()
 2 SYSTEMPATH\Database\BaseBuilder.php(2345): CodeIgniter\Database\BaseConnection->query('INSERT INTO `users` (`from_email`, `to_email`, `subject`, `password`) VALUES (:from_email:, :to_email:, :subject:, :password:)', [...], false)
 3 SYSTEMPATH\Model.php(394): CodeIgniter\Database\BaseBuilder->insert()
 4 SYSTEMPATH\BaseModel.php(838): CodeIgniter\Model->doInsert([...])
 5 SYSTEMPATH\Model.php(797): CodeIgniter\BaseModel->insert([...], true)
 6 APPPATH\Controllers\AuthController.php(32): CodeIgniter\Model->insert([...])
 7 SYSTEMPATH\CodeIgniter.php(933): App\Controllers\AuthController->store()
 8 SYSTEMPATH\CodeIgniter.php(507): CodeIgniter\CodeIgniter->runController(Object(App\Controllers\AuthController))
 9 SYSTEMPATH\CodeIgniter.php(354): CodeIgniter\CodeIgniter->handleRequest(null, Object(Config\Cache), false)
10 SYSTEMPATH\Boot.php(363): CodeIgniter\CodeIgniter->run()
11 SYSTEMPATH\Boot.php(68): CodeIgniter\Boot::runCodeIgniter(Object(CodeIgniter\CodeIgniter))
12 FCPATH\index.php(59): CodeIgniter\Boot::bootWeb(Object(Config\Paths))
13 SYSTEMPATH\rewrite.php(44): require_once('C:\\xampp new\\htdocs\\active\\public\\index.php')
