ERROR - 2025-10-02 17:59:12 --> Email: sendWithSmtp throwed ErrorException: fsockopen(): php_network_getaddresses: getaddrinfo for smtp.gmail.com failed: No such host is known.  in C:\xampp new\htdocs\active\system\Email\Email.php:1905
Stack trace:
#0 [internal function]: CodeIgniter\Debug\Exceptions->errorHandler(2, 'fsockopen(): ph...', 'C:\\xampp new\\ht...', 1905)
#1 C:\xampp new\htdocs\active\system\Email\Email.php(1905): fsockopen('smtp.gmail.com', 587, NULL, NULL, 5)
#2 C:\xampp new\htdocs\active\system\Email\Email.php(1818): CodeIgniter\Email\Email->SMTPConnect()
#3 C:\xampp new\htdocs\active\system\Email\Email.php(1703): CodeIgniter\Email\Email->sendWithSmtp()
#4 C:\xampp new\htdocs\active\system\Email\Email.php(1597): CodeIgniter\Email\Email->spoolEmail()
#5 C:\xampp new\htdocs\active\app\Controllers\AuthController.php(37): CodeIgniter\Email\Email->send()
#6 C:\xampp new\htdocs\active\system\CodeIgniter.php(933): App\Controllers\AuthController->store()
#7 C:\xampp new\htdocs\active\system\CodeIgniter.php(507): CodeIgniter\CodeIgniter->runController(Object(App\Controllers\AuthController))
#8 C:\xampp new\htdocs\active\system\CodeIgniter.php(354): CodeIgniter\CodeIgniter->handleRequest(NULL, Object(Config\Cache), false)
#9 C:\xampp new\htdocs\active\system\Boot.php(363): CodeIgniter\CodeIgniter->run()
#10 C:\xampp new\htdocs\active\system\Boot.php(68): CodeIgniter\Boot::runCodeIgniter(Object(CodeIgniter\CodeIgniter))
#11 C:\xampp new\htdocs\active\public\index.php(59): CodeIgniter\Boot::bootWeb(Object(Config\Paths))
#12 C:\xampp new\htdocs\active\system\rewrite.php(44): require_once('C:\\xampp new\\ht...')
#13 {main}
ERROR - 2025-10-02 17:59:12 --> Email: Unable to send email using SMTP. Your server might not be configured to send mail using this method.
ERROR - 2025-10-02 17:59:12 --> 
DEBUG - 2025-10-02 18:01:23 --> Session: Class initialized using 'CodeIgniter\Session\Handlers\FileHandler' driver.
DEBUG - 2025-10-02 18:01:23 --> Session: Class initialized using 'CodeIgniter\Session\Handlers\FileHandler' driver.
DEBUG - 2025-10-02 18:02:33 --> Session: Class initialized using 'CodeIgniter\Session\Handlers\FileHandler' driver.
DEBUG - 2025-10-02 18:02:34 --> Session: Class initialized using 'CodeIgniter\Session\Handlers\FileHandler' driver.
DEBUG - 2025-10-02 18:04:20 --> Session: Class initialized using 'CodeIgniter\Session\Handlers\FileHandler' driver.
DEBUG - 2025-10-02 18:04:21 --> Session: Class initialized using 'CodeIgniter\Session\Handlers\FileHandler' driver.
DEBUG - 2025-10-02 18:04:23 --> Session: Class initialized using 'CodeIgniter\Session\Handlers\FileHandler' driver.
